<?xml version="1.0" encoding="UTF-8"?>
<!-- Generated by org.testng.reporters.JUnitReportReporter -->
<testsuite hostname="Poojan-Khatri" failures="0" tests="4" name="com.ninja.test.Register" time="12.536" errors="0" timestamp="2024-10-29T16:06:07 IST" skipped="0">
  <testcase classname="com.ninja.test.Register" name="verifyRegisterUsingMandatoryFields" time="3.128"/>
  <system-out/>
  <testcase classname="com.ninja.test.Register" name="verifyRegisteringAccountByProvidingAllFields" time="3.512"/>
  <system-out/>
  <testcase classname="com.ninja.test.Register" name="verifyWithExistingEmailAddress" time="3.428"/>
  <system-out/>
  <testcase classname="com.ninja.test.Register" name="verifyRegisteringAccountWithoutFillingAnyDetails" time="2.468"/>
  <system-out/>
</testsuite> <!-- com.ninja.test.Register -->
