<?xml version="1.0" encoding="UTF-8"?>
<!-- Generated by org.testng.reporters.JUnitReportReporter -->
<testsuite hostname="Poojan-Khatri" failures="0" tests="3" name="com.ninja.test.Search" time="6.226" errors="0" timestamp="2024-10-29T16:06:07 IST" skipped="0">
  <testcase classname="com.ninja.test.Search" name="verifySearchWithValidProduct" time="2.148"/>
  <system-out/>
  <testcase classname="com.ninja.test.Search" name="verifySearchWithNonExistingProductName" time="1.990"/>
  <system-out/>
  <testcase classname="com.ninja.test.Search" name="verifyWithoutAnyProductName" time="2.088"/>
  <system-out/>
</testsuite> <!-- com.ninja.test.Search -->
