<?xml version="1.0" encoding="UTF-8"?>
<!-- Generated by org.testng.reporters.JUnitReportReporter -->
<testsuite hostname="Poojan-Khatri" failures="0" tests="8" name="com.ninja.test.Login" time="20.961" errors="0" timestamp="2024-10-29T16:06:07 IST" skipped="0">
  <testcase classname="com.ninja.test.Login" name="verifyLoginWithValidCredentials" time="2.650"/>
  <system-out/>
  <testcase classname="com.ninja.test.Login" name="verifyLoginWithValidCredentials" time="2.787"/>
  <system-out/>
  <testcase classname="com.ninja.test.Login" name="verifyLoginWithValidCredentials" time="2.719"/>
  <system-out/>
  <testcase classname="com.ninja.test.Login" name="verifyLoginWithValidCredentials" time="2.688"/>
  <system-out/>
  <testcase classname="com.ninja.test.Login" name="loginWithInvalidCredentials" time="2.608"/>
  <system-out/>
  <testcase classname="com.ninja.test.Login" name="loginWithInvalidEmailAndValidPassword" time="2.605"/>
  <system-out/>
  <testcase classname="com.ninja.test.Login" name="loginWithValidEmailAndInvalidPassword" time="2.533"/>
  <system-out/>
  <testcase classname="com.ninja.test.Login" name="loginWithoutAnyCredentials" time="2.371"/>
  <system-out/>
</testsuite> <!-- com.ninja.test.Login -->
